<?xml version="1.0" encoding="UTF-8"?>
<testng-results skipped="0" failed="0" total="2" passed="2">
  <reporter-output>
  </reporter-output>
  <suite name="TestSuite" duration-ms="35723" started-at="2016-07-21T03:52:00Z" finished-at="2016-07-21T03:52:35Z">
    <groups>
    </groups>
    <test name="run on device 2" duration-ms="34467" started-at="2016-07-21T03:52:00Z" finished-at="2016-07-21T03:52:34Z">
      <class name="com.qtrf.core.DriverManagerParallel">
        <test-method status="PASS" signature="setUp(java.lang.String)[pri:0, instance:com.qtrf.core.DriverManagerParallel@604ed9f0]" name="setUp" is-config="true" duration-ms="25" started-at="2016-07-21T10:52:00Z" finished-at="2016-07-21T10:52:00Z">
          <params>
            <param index="0">
              <value>
                <![CDATA[true]]>
              </value>
            </param>
          </params>
          <reporter-output>
          </reporter-output>
        </test-method> <!-- setUp -->
        <test-method status="PASS" signature="test(java.lang.String, java.lang.String, java.lang.String, java.lang.String)[pri:0, instance:com.qtrf.core.DriverManagerParallel@604ed9f0]" name="test" duration-ms="34394" started-at="2016-07-21T10:52:00Z" finished-at="2016-07-21T10:52:34Z">
          <params>
            <param index="0">
              <value>
                <![CDATA[T2]]>
              </value>
            </param>
            <param index="1">
              <value>
                <![CDATA[C:\\Users\\User\\Desktop\\ForTestParallel\\TestCase2.xlsx]]>
              </value>
            </param>
            <param index="2">
              <value>
                <![CDATA[C:\\Users\\User\\Desktop\\ForTestParallel\\Config2.xlsx]]>
              </value>
            </param>
            <param index="3">
              <value>
                <![CDATA[C:\\Users\\User\\Desktop\\ForTestParallel\\ReportLog2.html]]>
              </value>
            </param>
          </params>
          <reporter-output>
          </reporter-output>
        </test-method> <!-- test -->
        <test-method status="PASS" signature="report(java.lang.String, java.lang.String)[pri:0, instance:com.qtrf.core.DriverManagerParallel@604ed9f0]" name="report" is-config="true" duration-ms="9" started-at="2016-07-21T10:52:34Z" finished-at="2016-07-21T10:52:34Z">
          <params>
            <param index="0">
              <value>
                <![CDATA[T2]]>
              </value>
            </param>
            <param index="1">
              <value>
                <![CDATA[C:\\Users\\User\\Desktop\\ForTestParallel\\ReportLog2.html]]>
              </value>
            </param>
          </params>
          <reporter-output>
          </reporter-output>
        </test-method> <!-- report -->
      </class> <!-- com.qtrf.core.DriverManagerParallel -->
    </test> <!-- run on device 2 -->
    <test name="run on device 1" duration-ms="35723" started-at="2016-07-21T03:52:00Z" finished-at="2016-07-21T03:52:35Z">
      <class name="com.qtrf.core.DriverManagerParallel">
        <test-method status="PASS" signature="setUp(java.lang.String)[pri:0, instance:com.qtrf.core.DriverManagerParallel@46d56d67]" name="setUp" is-config="true" duration-ms="22" started-at="2016-07-21T10:52:00Z" finished-at="2016-07-21T10:52:00Z">
          <params>
            <param index="0">
              <value>
                <![CDATA[true]]>
              </value>
            </param>
          </params>
          <reporter-output>
          </reporter-output>
        </test-method> <!-- setUp -->
        <test-method status="PASS" signature="test(java.lang.String, java.lang.String, java.lang.String, java.lang.String)[pri:0, instance:com.qtrf.core.DriverManagerParallel@46d56d67]" name="test" duration-ms="35654" started-at="2016-07-21T10:52:00Z" finished-at="2016-07-21T10:52:35Z">
          <params>
            <param index="0">
              <value>
                <![CDATA[T1]]>
              </value>
            </param>
            <param index="1">
              <value>
                <![CDATA[C:\\Users\\User\\Desktop\\ForTestParallel\\TestCase1.xlsx]]>
              </value>
            </param>
            <param index="2">
              <value>
                <![CDATA[C:\\Users\\User\\Desktop\\ForTestParallel\\Config1.xlsx]]>
              </value>
            </param>
            <param index="3">
              <value>
                <![CDATA[C:\\Users\\User\\Desktop\\ForTestParallel\\ReportLog1.html]]>
              </value>
            </param>
          </params>
          <reporter-output>
          </reporter-output>
        </test-method> <!-- test -->
        <test-method status="PASS" signature="report(java.lang.String, java.lang.String)[pri:0, instance:com.qtrf.core.DriverManagerParallel@46d56d67]" name="report" is-config="true" duration-ms="9" started-at="2016-07-21T10:52:35Z" finished-at="2016-07-21T10:52:35Z">
          <params>
            <param index="0">
              <value>
                <![CDATA[T1]]>
              </value>
            </param>
            <param index="1">
              <value>
                <![CDATA[C:\\Users\\User\\Desktop\\ForTestParallel\\ReportLog1.html]]>
              </value>
            </param>
          </params>
          <reporter-output>
          </reporter-output>
        </test-method> <!-- report -->
      </class> <!-- com.qtrf.core.DriverManagerParallel -->
    </test> <!-- run on device 1 -->
  </suite> <!-- TestSuite -->
</testng-results>
