<?xml version="1.0" encoding="UTF-8"?>
<testng-results skipped="0" failed="0" total="1" passed="1">
  <reporter-output>
  </reporter-output>
  <suite name="Default suite" duration-ms="86732" started-at="2016-07-13T07:35:26Z" finished-at="2016-07-13T07:36:52Z">
    <groups>
    </groups>
    <test name="Default test" duration-ms="86732" started-at="2016-07-13T07:35:26Z" finished-at="2016-07-13T07:36:52Z">
      <class name="com.qtrf.mobile.application.DriverManager">
        <test-method status="PASS" signature="test()[pri:0, instance:com.qtrf.mobile.application.DriverManager@4b9e13df]" name="test" duration-ms="86686" started-at="2016-07-13T14:35:26Z" finished-at="2016-07-13T14:36:52Z">
          <reporter-output>
          </reporter-output>
        </test-method> <!-- test -->
        <test-method status="PASS" signature="report()[pri:0, instance:com.qtrf.mobile.application.DriverManager@4b9e13df]" name="report" is-config="true" duration-ms="16" started-at="2016-07-13T14:36:52Z" finished-at="2016-07-13T14:36:52Z">
          <reporter-output>
          </reporter-output>
        </test-method> <!-- report -->
      </class> <!-- com.qtrf.mobile.application.DriverManager -->
    </test> <!-- Default test -->
  </suite> <!-- Default suite -->
</testng-results>
